This is pdfTeXk, Version 3.141592-1.40.3 (Web2C 7.5.6) (format=pdflatex 2011.1.24)  22 OCT 2012 15:48
entering extended mode
 %&-line parsing enabled.
**document.tex
(./document.tex
LaTeX2e <2005/12/01>
Babel <v3.8h> and hyphenation patterns for english, usenglishmax, dumylang, noh
yphenation, arabic, basque, bulgarian, coptic, welsh, czech, slovak, german, ng
erman, danish, esperanto, spanish, catalan, galician, estonian, farsi, finnish,
 french, greek, monogreek, ancientgreek, croatian, hungarian, interlingua, ibyc
us, indonesian, icelandic, italian, latin, mongolian, dutch, norsk, polish, por
tuguese, pinyin, romanian, russian, slovenian, uppersorbian, serbian, swedish, 
turkish, ukenglish, ukrainian, loaded.
(./bioinfo.cls
Document Class: bioinfo 2003/02/08 0.1
(/usr/share/texmf/tex/latex/base/inputenc.sty
Package: inputenc 2006/05/05 v1.1b Input encoding file
\inpenc@prehook=\toks14
\inpenc@posthook=\toks15
) (./crop.sty
Package: crop 2001/11/16 v1.6 cropmarks (mf)
\CROP@width=\dimen102
\CROP@height=\dimen103
\CROP@index=\count79

(/usr/share/texmf/tex/latex/graphics/graphics.sty
Package: graphics 2006/02/20 v1.0o Standard LaTeX Graphics (DPC,SPQR)

(/usr/share/texmf/tex/latex/graphics/trig.sty
Package: trig 1999/03/16 v1.09 sin cos tan (DPC)
)
(/usr/share/texmf/tex/latex/config/graphics.cfg
File: graphics.cfg 2007/01/18 v1.5 graphics configuration of teTeX/TeXLive
)
Package graphics Info: Driver file: pdftex.def on input line 90.

(/usr/share/texmf/tex/latex/pdftex-def/pdftex.def
File: pdftex.def 2007/01/08 v0.04d Graphics/color for pdfTeX
\Gread@gobject=\count80
))
\CROP@offset=\count81
Package crop Info: Local config file crop.cfg used on input line 344.
 (./crop.cfg))
Package crop Info: using pdf(la)tex graphics driver on input line 33.

(./graphicx.sty
Package: graphicx 1999/02/16 v1.0f Enhanced LaTeX Graphics (DPC,SPQR)
 (/usr/share/texmf/tex/latex/graphics/keyval.sty
Package: keyval 1999/03/16 v1.13 key=value parser (DPC)
\KV@toks@=\toks16
)
\Gin@req@height=\dimen104
\Gin@req@width=\dimen105
)
(/usr/share/texmf/tex/latex/amsmath/amsmath.sty
Package: amsmath 2000/07/18 v2.13 AMS math features
\@mathmargin=\skip41

For additional information on amsmath, use the `?' option.
(/usr/share/texmf/tex/latex/amsmath/amstext.sty
Package: amstext 2000/06/29 v2.01

(/usr/share/texmf/tex/latex/amsmath/amsgen.sty
File: amsgen.sty 1999/11/30 v2.0
\@emptytoks=\toks17
\ex@=\dimen106
))
(/usr/share/texmf/tex/latex/amsmath/amsbsy.sty
Package: amsbsy 1999/11/29 v1.2d
\pmbraise@=\dimen107
)
(/usr/share/texmf/tex/latex/amsmath/amsopn.sty
Package: amsopn 1999/12/14 v2.01 operator names
)
\inf@bad=\count82
LaTeX Info: Redefining \frac on input line 211.
\uproot@=\count83
\leftroot@=\count84
LaTeX Info: Redefining \overline on input line 307.
\classnum@=\count85
\DOTSCASE@=\count86
LaTeX Info: Redefining \ldots on input line 379.
LaTeX Info: Redefining \dots on input line 382.
LaTeX Info: Redefining \cdots on input line 467.
\Mathstrutbox@=\box26
\strutbox@=\box27
\big@size=\dimen108
LaTeX Font Info:    Redeclaring font encoding OML on input line 567.
LaTeX Font Info:    Redeclaring font encoding OMS on input line 568.
\macc@depth=\count87
\c@MaxMatrixCols=\count88
\dotsspace@=\muskip10
\c@parentequation=\count89
\dspbrk@lvl=\count90
\tag@help=\toks18
\row@=\count91
\column@=\count92
\maxfields@=\count93
\andhelp@=\toks19
\eqnshift@=\dimen109
\alignsep@=\dimen110
\tagshift@=\dimen111
\tagwidth@=\dimen112
\totwidth@=\dimen113
\lineht@=\dimen114
\@envbody=\toks20
\multlinegap=\skip42
\multlinetaggap=\skip43
\mathdisplay@stack=\toks21
LaTeX Info: Redefining \[ on input line 2666.
LaTeX Info: Redefining \] on input line 2667.
) (./array.sty
Package: array 1998/05/13 v2.3m Tabular extension package (FMi)
\col@sep=\dimen115
\extrarowheight=\dimen116
\NC@list=\toks22
\extratabsurround=\skip44
\backup@length=\skip45
) (./color.sty
Package: color 1999/02/16 v1.0i Standard LaTeX Color (DPC)

(/usr/share/texmf/tex/latex/config/color.cfg
File: color.cfg 2007/01/18 v1.5 color configuration of teTeX/TeXLive
)
Package color Info: Driver file: pdftex.def on input line 125.
)
(/usr/share/texmf/tex/latex/amsfonts/amssymb.sty
Package: amssymb 2002/01/22 v2.2d

(/usr/share/texmf/tex/latex/amsfonts/amsfonts.sty
Package: amsfonts 2001/10/25 v2.2f
\symAMSa=\mathgroup4
\symAMSb=\mathgroup5
LaTeX Font Info:    Overwriting math alphabet `\mathfrak' in version `bold'
(Font)                  U/euf/m/n --> U/euf/b/n on input line 132.
)) (./flushend.sty
Package: flushend 1997/10/01
\@aaa=\box28
\@ccc=\box29
\@viper=\box30
\hold@viper=\box31
\atColsBreak=\toks23
\@extra@skip=\dimen117
\@nd@page@rule=\dimen118
)
(./stfloats.sty
Package: stfloats 1999/10/22
\@dblbotnum=\count94
\c@dblbotnumber=\count95
) (/usr/share/texmf/tex/latex/amscls/amsthm.sty
Package: amsthm 2004/08/06 v2.20
\thm@style=\toks24
\thm@bodyfont=\toks25
\thm@headfont=\toks26
\thm@notefont=\toks27
\thm@headpunct=\toks28
\thm@preskip=\skip46
\thm@postskip=\skip47
\thm@headsep=\skip48
\dth@everypar=\toks29
) (./chngpage.sty
Package: chngpage 2001/01/31 v1.1b change page layout
\c@cp@cnt=\count96
\c@cp@tempcnt=\count97
) (./times.sty
Package: times 2000/01/12 PSNFSS-v8.1 Times font as default roman (SPQR) 
)
\c@section=\count98
\c@subsection=\count99
\c@subsubsection=\count100
\c@paragraph=\count101
\c@subparagraph=\count102
\c@figure=\count103
\c@table=\count104
\dropfromtop=\skip49
\extraspace=\skip50
\aboveskipchk=\skip51
\abovecaptionskip=\skip52
\belowcaptionskip=\skip53
\rotdimen=\dimen119
\tempdime=\dimen120
\temptbox=\box32
 (./natbib.sty
Package: natbib 2000/07/24 7.0a (PWD)
\bibhang=\skip54
\bibsep=\skip55
LaTeX Info: Redefining \cite on input line 508.
\c@NAT@ctr=\count105
)) (./document.aux)
\openout1 = `document.aux'.

LaTeX Font Info:    Checking defaults for OML/cmm/m/it on input line 5.
LaTeX Font Info:    ... okay on input line 5.
LaTeX Font Info:    Checking defaults for T1/cmr/m/n on input line 5.
LaTeX Font Info:    ... okay on input line 5.
LaTeX Font Info:    Checking defaults for OT1/cmr/m/n on input line 5.
LaTeX Font Info:    ... okay on input line 5.
LaTeX Font Info:    Checking defaults for OMS/cmsy/m/n on input line 5.
LaTeX Font Info:    ... okay on input line 5.
LaTeX Font Info:    Checking defaults for OMX/cmex/m/n on input line 5.
LaTeX Font Info:    ... okay on input line 5.
LaTeX Font Info:    Checking defaults for U/cmr/m/n on input line 5.
LaTeX Font Info:    ... okay on input line 5.
LaTeX Font Info:    Try loading font information for OT1+ptm on input line 5.

(/usr/share/texmf/tex/latex/psnfss/ot1ptm.fd
File: ot1ptm.fd 2001/06/04 font definitions for OT1/ptm.
)
LaTeX Font Info:    Try loading font information for OT1+phv on input line 17.

(/usr/share/texmf/tex/latex/psnfss/ot1phv.fd
File: ot1phv.fd 2001/06/04 scalable font definitions for OT1/phv.
)
LaTeX Font Info:    Font shape `OT1/phv/m/it' in size <9> not available
(Font)              Font shape `OT1/phv/m/sl' tried instead on input line 17.
LaTeX Font Info:    Font shape `OT1/phv/bx/it' in size <9> not available
(Font)              Font shape `OT1/phv/b/it' tried instead on input line 17.
LaTeX Font Info:    Font shape `OT1/phv/b/it' in size <9> not available
(Font)              Font shape `OT1/phv/b/sl' tried instead on input line 17.
LaTeX Font Info:    Font shape `OT1/phv/bx/it' in size <19> not available
(Font)              Font shape `OT1/phv/b/it' tried instead on input line 17.
LaTeX Font Info:    Font shape `OT1/phv/b/it' in size <19> not available
(Font)              Font shape `OT1/phv/b/sl' tried instead on input line 17.
LaTeX Font Info:    Font shape `OT1/phv/m/it' in size <8> not available
(Font)              Font shape `OT1/phv/m/sl' tried instead on input line 17.
LaTeX Font Info:    Font shape `OT1/phv/bx/n' in size <9> not available
(Font)              Font shape `OT1/phv/b/n' tried instead on input line 17.
LaTeX Font Info:    Font shape `OT1/phv/bx/n' in size <16> not available
(Font)              Font shape `OT1/phv/b/n' tried instead on input line 17.
LaTeX Font Info:    Calculating math sizes for size <13> on input line 17.


LaTeX Font Warning: Font shape `OT1/cmr/m/n' in size <13> not available
(Font)              size <12> substituted on input line 17.


LaTeX Font Warning: Font shape `OT1/cmr/m/n' in size <6.5> not available
(Font)              size <6> substituted on input line 17.


LaTeX Font Warning: Font shape `OML/cmm/m/it' in size <13> not available
(Font)              size <12> substituted on input line 17.


LaTeX Font Warning: Font shape `OML/cmm/m/it' in size <6.5> not available
(Font)              size <6> substituted on input line 17.


LaTeX Font Warning: Font shape `OMS/cmsy/m/n' in size <13> not available
(Font)              size <12> substituted on input line 17.


LaTeX Font Warning: Font shape `OMS/cmsy/m/n' in size <6.5> not available
(Font)              size <6> substituted on input line 17.


LaTeX Font Warning: Font shape `OMX/cmex/m/n' in size <13> not available
(Font)              size <12> substituted on input line 17.

LaTeX Font Info:    Try loading font information for U+msa on input line 17.
(/usr/share/texmf/tex/latex/amsfonts/umsa.fd
File: umsa.fd 2002/01/19 v2.2g AMS font definitions
)

LaTeX Font Warning: Font shape `U/msa/m/n' in size <13> not available
(Font)              size <12> substituted on input line 17.


LaTeX Font Warning: Font shape `U/msa/m/n' in size <6.5> not available
(Font)              size <6> substituted on input line 17.

LaTeX Font Info:    Try loading font information for U+msb on input line 17.
(/usr/share/texmf/tex/latex/amsfonts/umsb.fd
File: umsb.fd 2002/01/19 v2.2g AMS font definitions
)

LaTeX Font Warning: Font shape `U/msb/m/n' in size <13> not available
(Font)              size <12> substituted on input line 17.


LaTeX Font Warning: Font shape `U/msb/m/n' in size <6.5> not available
(Font)              size <6> substituted on input line 17.

LaTeX Font Info:    Calculating math sizes for size <9.09996> on input line 17.


LaTeX Font Warning: Font shape `OT1/cmr/m/n' in size <4.54997> not available
(Font)              size <5> substituted on input line 17.


LaTeX Font Warning: Font shape `OML/cmm/m/it' in size <4.54997> not available
(Font)              size <5> substituted on input line 17.


LaTeX Font Warning: Font shape `OMS/cmsy/m/n' in size <4.54997> not available
(Font)              size <5> substituted on input line 17.


LaTeX Font Warning: Font shape `U/msa/m/n' in size <4.54997> not available
(Font)              size <5> substituted on input line 17.


LaTeX Font Warning: Font shape `U/msb/m/n' in size <4.54997> not available
(Font)              size <5> substituted on input line 17.


LaTeX Font Warning: Font shape `OT1/cmr/m/n' in size <7.5> not available
(Font)              size <7> substituted on input line 17.


LaTeX Font Warning: Font shape `OML/cmm/m/it' in size <7.5> not available
(Font)              size <7> substituted on input line 17.


LaTeX Font Warning: Font shape `OMS/cmsy/m/n' in size <7.5> not available
(Font)              size <7> substituted on input line 17.


LaTeX Font Warning: Font shape `U/msa/m/n' in size <7.5> not available
(Font)              size <7> substituted on input line 17.


LaTeX Font Warning: Font shape `U/msb/m/n' in size <7.5> not available
(Font)              size <7> substituted on input line 17.


Underfull \hbox (badness 10000) detected at line 17
[]
 []

LaTeX Font Info:    Font shape `OT1/phv/bx/n' in size <8> not available
(Font)              Font shape `OT1/phv/b/n' tried instead on input line 21.

Underfull \hbox (badness 1867) in paragraph at lines 21--23
\OT1/phv/b/n/8 Summary: \OT1/phv/m/n/8 An online HTML5/webGL based three dimens
ional
 []


Underfull \hbox (badness 5161) in paragraph at lines 21--23
\OT1/phv/m/n/8 Using the Javascript library Three.js, bioWeb3D allows the
 []

LaTeX Font Info:    Font shape `OT1/phv/bx/n' in size <10> not available
(Font)              Font shape `OT1/phv/b/n' tried instead on input line 30.
Missing character: There is no ‚ in font ptmr7t!
Missing character: There is no Ä in font ptmr7t!
Missing character: There is no ô in font ptmr7t!
Missing character: There is no ‚ in font ptmr7t!
Missing character: There is no Ä in font ptmr7t!
Missing character: There is no ô in font ptmr7t!

Underfull \hbox (badness 1281) in paragraph at lines 38--44
\OT1/ptm/m/n/9 The first file carries the coordinates of all the points in the
 []


Underfull \hbox (badness 10000) in paragraph at lines 38--44

 []

Missing character: There is no ‚ in font ptmr7t!
Missing character: There is no Ä in font ptmr7t!
Missing character: There is no ú in font ptmr7t!
Missing character: There is no ‚ in font ptmr7t!
Missing character: There is no Ä in font ptmr7t!
Missing character: There is no ù in font ptmr7t!
Missing character: There is no ‚ in font ptmr7t!
Missing character: There is no Ä in font ptmr7t!
Missing character: There is no ú in font ptmr7t!
Missing character: There is no ‚ in font ptmr7t!
Missing character: There is no Ä in font ptmr7t!
Missing character: There is no ù in font ptmr7t!
Missing character: There is no ‚ in font ptmr7t!
Missing character: There is no Ä in font ptmr7t!
Missing character: There is no ú in font ptmr7t!
Missing character: There is no ‚ in font ptmr7t!
Missing character: There is no Ä in font ptmr7t!
Missing character: There is no ù in font ptmr7t!

Underfull \hbox (badness 2837) in paragraph at lines 51--52
[]\OT1/ptm/m/n/9 The points property which is a two dimensional array
 []


Underfull \hbox (badness 1946) in paragraph at lines 51--52
\OT1/ptm/m/n/9 representing a list of (x,y,z) vectors defining the points
 []

Missing character: There is no ‚ in font ptmr7t!
Missing character: There is no Ä in font ptmr7t!
Missing character: There is no ú in font ptmr7t!
Missing character: There is no ‚ in font ptmr7t!
Missing character: There is no Ä in font ptmr7t!
Missing character: There is no ù in font ptmr7t!
Missing character: There is no ‚ in font ptmr7t!
Missing character: There is no Ä in font ptmr7t!
Missing character: There is no ú in font ptmr7t!
Missing character: There is no ‚ in font ptmr7t!
Missing character: There is no Ä in font ptmr7t!
Missing character: There is no ù in font ptmr7t!

Underfull \hbox (badness 3849) in paragraph at lines 54--56
[]\OT1/ptm/m/n/9 The information layer file has to have its root element
 []

Missing character: There is no ‚ in font ptmr7t!
Missing character: There is no Ä in font ptmr7t!
Missing character: There is no ú in font ptmr7t!
Missing character: There is no ‚ in font ptmr7t!
Missing character: There is no Ä in font ptmr7t!
Missing character: There is no ù in font ptmr7t!
LaTeX Font Info:    Try loading font information for OMS+phv on input line 57.
(/usr/share/texmf/tex/latex/psnfss/omsphv.fd
File: omsphv.fd 
)
LaTeX Font Info:    Font shape `OMS/phv/m/n' in size <7> not available
(Font)              Font shape `OMS/cmsy/m/n' tried instead on input line 57.
 [1

{/var/lib/texmf/fonts/map/pdftex/updmap/pdftex.map}


]
Missing character: There is no ‚ in font ptmr7t!
Missing character: There is no Ä in font ptmr7t!
Missing character: There is no ú in font ptmr7t!
Missing character: There is no ‚ in font ptmr7t!
Missing character: There is no Ä in font ptmr7t!
Missing character: There is no ù in font ptmr7t!
Missing character: There is no ‚ in font ptmr7t!
Missing character: There is no Ä in font ptmr7t!
Missing character: There is no ú in font ptmr7t!
Missing character: There is no ‚ in font ptmr7t!
Missing character: There is no Ä in font ptmr7t!
Missing character: There is no ù in font ptmr7t!
Missing character: There is no ‚ in font ptmr7t!
Missing character: There is no Ä in font ptmr7t!
Missing character: There is no ú in font ptmr7t!
Missing character: There is no ‚ in font ptmr7t!
Missing character: There is no Ä in font ptmr7t!
Missing character: There is no ù in font ptmr7t!
 <fig1.png, id=17, 1364.54347pt x 684.77614pt>
File: fig1.png Graphic file (type png)

<use fig1.png>
LaTeX Font Info:    Font shape `OT1/ptm/bx/n' in size <8> not available
(Font)              Font shape `OT1/ptm/b/n' tried instead on input line 67.
LaTeX Font Info:    Font shape `OT1/ptm/bx/n' in size <7> not available
(Font)              Font shape `OT1/ptm/b/n' tried instead on input line 89.

Underfull \vbox (badness 10000) has occurred while \output is active []

Extra height:121.50238pt when 329.41617pt

Underfull \vbox (badness 10000) has occurred while \output is active []

Extra height:121.50238pt when 330.41617pt

Underfull \vbox (badness 10000) has occurred while \output is active []

Extra height:112.50238pt when 331.41617pt

Underfull \vbox (badness 10000) has occurred while \output is active []

Extra height:112.50238pt when 332.41617pt

Underfull \vbox (badness 10000) has occurred while \output is active []

Extra height:112.50238pt when 333.41617pt

Underfull \vbox (badness 10000) has occurred while \output is active []

Extra height:112.50238pt when 334.41617pt

Underfull \vbox (badness 10000) has occurred while \output is active []

Extra height:112.50238pt when 335.41617pt

Underfull \vbox (badness 10000) has occurred while \output is active []

Extra height:112.50238pt when 336.41617pt

Underfull \vbox (badness 10000) has occurred while \output is active []

Extra height:112.50238pt when 337.41617pt

Underfull \vbox (badness 10000) has occurred while \output is active []

Extra height:112.50238pt when 338.41617pt

Underfull \vbox (badness 10000) has occurred while \output is active []

Extra height:112.50238pt when 339.41617pt

Underfull \vbox (badness 10000) has occurred while \output is active []

Extra height:112.50238pt when 340.41617pt

Underfull \vbox (badness 10000) has occurred while \output is active []

Extra height:112.50238pt when 341.41617pt

Underfull \vbox (badness 10000) has occurred while \output is active []

Extra height:112.50238pt when 342.41617pt

Underfull \vbox (badness 10000) has occurred while \output is active []

Extra height:112.50238pt when 343.41617pt

Underfull \vbox (badness 10000) has occurred while \output is active []

Extra height:112.50238pt when 344.41617pt

Underfull \vbox (badness 10000) has occurred while \output is active []

Extra height:112.50238pt when 345.41617pt

Underfull \vbox (badness 10000) has occurred while \output is active []

Extra height:112.50238pt when 346.41617pt

Underfull \vbox (badness 10000) has occurred while \output is active []

Extra height:112.50238pt when 347.41617pt

Underfull \vbox (badness 10000) has occurred while \output is active []

Extra height:112.50238pt when 348.41617pt

Underfull \vbox (badness 10000) has occurred while \output is active []

Extra height:112.50238pt when 349.41617pt

Underfull \vbox (badness 10000) has occurred while \output is active []

Extra height:112.50238pt when 350.41617pt

Underfull \vbox (badness 10000) has occurred while \output is active []

Extra height:112.50238pt when 351.41617pt

Underfull \vbox (badness 10000) has occurred while \output is active []

Extra height:112.50238pt when 352.41617pt

Underfull \vbox (badness 10000) has occurred while \output is active []

Extra height:112.50238pt when 353.41617pt

Underfull \vbox (badness 10000) has occurred while \output is active []

Extra height:112.50238pt when 354.41617pt

Underfull \vbox (badness 10000) has occurred while \output is active []

Extra height:112.50238pt when 355.41617pt

Underfull \vbox (badness 10000) has occurred while \output is active []

Extra height:112.50238pt when 356.41617pt

Underfull \vbox (badness 10000) has occurred while \output is active []

Extra height:85.50238pt when 357.41617pt

Underfull \vbox (badness 10000) has occurred while \output is active []

Extra height:85.50238pt when 358.41617pt

Underfull \vbox (badness 10000) has occurred while \output is active []

Extra height:85.50238pt when 359.41617pt

Underfull \vbox (badness 10000) has occurred while \output is active []

Extra height:85.50238pt when 360.41617pt

Underfull \vbox (badness 10000) has occurred while \output is active []

Extra height:85.50238pt when 361.41617pt

Underfull \vbox (badness 10000) has occurred while \output is active []

Extra height:85.50238pt when 362.41617pt

Underfull \vbox (badness 10000) has occurred while \output is active []

Extra height:85.50238pt when 363.41617pt

Underfull \vbox (badness 10000) has occurred while \output is active []

Extra height:85.50238pt when 364.41617pt

Underfull \vbox (badness 10000) has occurred while \output is active []

Extra height:85.50238pt when 365.41617pt

Underfull \vbox (badness 10000) has occurred while \output is active []

Extra height:85.50238pt when 366.41617pt

Underfull \vbox (badness 10000) has occurred while \output is active []

Extra height:85.50238pt when 367.41617pt

Underfull \vbox (badness 10000) has occurred while \output is active []

Extra height:85.50238pt when 368.41617pt

Underfull \vbox (badness 10000) has occurred while \output is active []

Extra height:85.50238pt when 369.41617pt

Underfull \vbox (badness 10000) has occurred while \output is active []

Extra height:85.50238pt when 370.41617pt

Underfull \vbox (badness 10000) has occurred while \output is active []

Extra height:85.50238pt when 371.41617pt

Underfull \vbox (badness 10000) has occurred while \output is active []

Extra height:85.50238pt when 372.41617pt

Underfull \vbox (badness 10000) has occurred while \output is active []

Extra height:85.50238pt when 373.41617pt

Underfull \vbox (badness 10000) has occurred while \output is active []

Extra height:85.50238pt when 374.41617pt

Underfull \vbox (badness 10000) has occurred while \output is active []

Extra height:67.50238pt when 375.41617pt

Underfull \vbox (badness 10000) has occurred while \output is active []

Extra height:67.50238pt when 376.41617pt

Underfull \vbox (badness 10000) has occurred while \output is active []

Extra height:67.50238pt when 377.41617pt

Underfull \vbox (badness 10000) has occurred while \output is active []

Extra height:67.50238pt when 378.41617pt

Underfull \vbox (badness 10000) has occurred while \output is active []

Extra height:67.50238pt when 379.41617pt

Underfull \vbox (badness 10000) has occurred while \output is active []

Extra height:67.50238pt when 380.41617pt

Underfull \vbox (badness 10000) has occurred while \output is active []

Extra height:67.50238pt when 381.41617pt

Underfull \vbox (badness 10000) has occurred while \output is active []

Extra height:67.50238pt when 382.41617pt

Underfull \vbox (badness 10000) has occurred while \output is active []

Extra height:67.50238pt when 383.41617pt

Underfull \vbox (badness 10000) has occurred while \output is active []

Extra height:67.50238pt when 384.41617pt

Underfull \vbox (badness 10000) has occurred while \output is active []

Extra height:67.50238pt when 385.41617pt

Underfull \vbox (badness 10000) has occurred while \output is active []

Extra height:67.50238pt when 386.41617pt

Underfull \vbox (badness 10000) has occurred while \output is active []

Extra height:67.50238pt when 387.41617pt

Underfull \vbox (badness 10000) has occurred while \output is active []

Extra height:67.50238pt when 388.41617pt

Underfull \vbox (badness 10000) has occurred while \output is active []

Extra height:67.50238pt when 389.41617pt

Underfull \vbox (badness 10000) has occurred while \output is active []

Extra height:67.50238pt when 390.41617pt

Underfull \vbox (badness 10000) has occurred while \output is active []

Extra height:67.50238pt when 391.41617pt

Underfull \vbox (badness 10000) has occurred while \output is active []

Extra height:67.50238pt when 392.41617pt

Underfull \vbox (badness 10000) has occurred while \output is active []

Extra height:49.50238pt when 393.41617pt

Underfull \vbox (badness 10000) has occurred while \output is active []

Extra height:49.50238pt when 394.41617pt

Underfull \vbox (badness 10000) has occurred while \output is active []

Extra height:49.50238pt when 395.41617pt

Underfull \vbox (badness 10000) has occurred while \output is active []

Extra height:49.50238pt when 396.41617pt
Extra height:0.0pt when 397.41617pt
(2)Left:397.41617pt Right:219.50238pt Output:397.41617pt
- LAST -
Extra skip:0.0pt
Left:397.41617pt
Right:219.50238pt
Output:397.41617pt

Underfull \vbox (badness 10000) has occurred while \output is active []

LaTeX Font Info:    Font shape `OT1/phv/bx/it' in size <8> not available
(Font)              Font shape `OT1/phv/b/it' tried instead on input line 119.
LaTeX Font Info:    Font shape `OT1/phv/b/it' in size <8> not available
(Font)              Font shape `OT1/phv/b/sl' tried instead on input line 119.

Overfull \hbox (261.0pt too wide) has occurred while \output is active
[][] 
 []


Overfull \vbox (1.0pt too high) has occurred while \output is active []


Overfull \hbox (261.0pt too wide) has occurred while \output is active
[][] 
 []

[2 <./fig1.png>] (./document.aux)

LaTeX Font Warning: Size substitutions with differences
(Font)              up to 1.0pt have occurred.

 ) 
Here is how much of TeX's memory you used:
 2369 strings out of 256216
 26646 string characters out of 1917072
 87917 words of memory out of 1500000
 5594 multiletter control sequences out of 10000+200000
 47093 words of font info for 92 fonts, out of 1200000 for 2000
 649 hyphenation exceptions out of 8191
 35i,11n,26p,645b,299s stack positions out of 5000i,500n,6000p,200000b,15000s
{/usr/share/texmf/fonts/enc/dvips/base/8r.enc}</usr/share/texmf/fonts/type1/b
luesky/cm/cmmi8.pfb></usr/share/texmf/fonts/type1/bluesky/cm/cmmi9.pfb></usr/sh
are/texmf/fonts/type1/bluesky/cm/cmr7.pfb></usr/share/texmf/fonts/type1/bluesky
/cm/cmr9.pfb></usr/share/texmf/fonts/type1/bluesky/cm/cmsy6.pfb></usr/share/tex
mf/fonts/type1/bluesky/cm/cmsy7.pfb></usr/share/texmf/fonts/type1/bluesky/cm/cm
sy9.pfb></usr/share/texmf/fonts/type1/urw/helvetic/uhvb8a.pfb></usr/share/texmf
/fonts/type1/urw/helvetic/uhvbo8a.pfb></usr/share/texmf/fonts/type1/urw/helveti
c/uhvr8a.pfb></usr/share/texmf/fonts/type1/urw/helvetic/uhvro8a.pfb></usr/share
/texmf/fonts/type1/urw/times/utmb8a.pfb></usr/share/texmf/fonts/type1/urw/times
/utmr8a.pfb></usr/share/texmf/fonts/type1/urw/times/utmri8a.pfb>
Output written on document.pdf (2 pages, 289290 bytes).
PDF statistics:
 68 PDF objects out of 1000 (max. 8388607)
 0 named destinations out of 1000 (max. 131072)
 6 words of extra memory for PDF output out of 10000 (max. 10000000)

